#
# There is insufficient memory for the Java Runtime Environment to continue.
# Native memory allocation (mmap) failed to map 123731968 bytes for Failed to commit area from 0x000000008ac00000 to 0x0000000092200000 of length 123731968.
# Possible reasons:
#   The system is out of physical RAM or swap space
#   The process is running with CompressedOops enabled, and the Java Heap may be blocking the growth of the native heap
# Possible solutions:
#   Reduce memory load on the system
#   Increase physical memory or swap space
#   Check if swap backing store is full
#   Decrease Java heap size (-Xmx/-Xms)
#   Decrease number of Java threads
#   Decrease Java thread stack sizes (-Xss)
#   Set larger code cache with -XX:ReservedCodeCacheSize=
# This output file may be truncated or incomplete.
#
#  Out of Memory Error (./src/hotspot/os/windows/os_windows.cpp:3619), pid=18172, tid=13124
#
# JRE version:  (11.0.13) (build )
# Java VM: OpenJDK 64-Bit Server VM (11.0.13+0-b1751.21-8125866, mixed mode, sharing, tiered, compressed oops, g1 gc, windows-amd64)
# No core dump will be written. Minidumps are not enabled by default on client versions of Windows
#

---------------  S U M M A R Y ------------

Command Line: 

Host: AMD Ryzen 3 5300U with Radeon Graphics         , 8 cores, 7G,  Windows 11 , 64 bit Build 22621 (10.0.22621.1105)
Time: Thu Jan 19 20:38:48 2023 India Standard Time elapsed time: 0.016125 seconds (0d 0h 0m 0s)

---------------  T H R E A D  ---------------

Current thread (0x0000020fc2e57800):  JavaThread "Unknown thread" [_thread_in_vm, id=13124, stack(0x000000e5dd700000,0x000000e5dd800000)]

Stack: [0x000000e5dd700000,0x000000e5dd800000]
Native frames: (J=compiled Java code, j=interpreted, Vv=VM code, C=native code)
V  [jvm.dll+0x6100fa]
V  [jvm.dll+0x747090]
V  [jvm.dll+0x7486ad]
V  [jvm.dll+0x748d83]
V  [jvm.dll+0x24ab48]
V  [jvm.dll+0x60d164]
V  [jvm.dll+0x601e75]
V  [jvm.dll+0x308bdb]
V  [jvm.dll+0x308b4a]
V  [jvm.dll+0x308a22]
V  [jvm.dll+0x30d986]
V  [jvm.dll+0x357093]
V  [jvm.dll+0x357796]
V  [jvm.dll+0x357193]
V  [jvm.dll+0x2e3448]
V  [jvm.dll+0x2e45f7]
V  [jvm.dll+0x7242e7]
V  [jvm.dll+0x725adc]
V  [jvm.dll+0x364629]
V  [jvm.dll+0x707cee]
V  [jvm.dll+0x3d2633]
V  [jvm.dll+0x3d4a21]
C  [jli.dll+0x536b]
C  [ucrtbase.dll+0x29363]
C  [KERNEL32.DLL+0x126bd]
C  [ntdll.dll+0x5dfb8]


---------------  P R O C E S S  ---------------

Threads class SMR info:
_java_thread_list=0x0000020fc0bfc980, length=0, elements={
}

Java Threads: ( => current thread )

Other Threads:
  0x0000020fc2e71800 GCTaskThread "GC Thread#0" [stack: 0x000000e5dd800000,0x000000e5dd900000] [id=6032]
  0x0000020fc2e9f800 ConcurrentGCThread "G1 Main Marker" [stack: 0x000000e5dd900000,0x000000e5dda00000] [id=12076]
  0x0000020fc2ea3800 ConcurrentGCThread "G1 Conc#0" [stack: 0x000000e5dda00000,0x000000e5ddb00000] [id=10612]

[error occurred during error reporting (printing all threads), id 0xc0000005, EXCEPTION_ACCESS_VIOLATION (0xc0000005) at pc=0x00007ffc88313dd7]

VM state:not at safepoint (not fully initialized)

VM Mutex/Monitor currently owned by a thread:  ([mutex/lock_event])
[0x0000020fc2e540b0] Heap_lock - owner thread: 0x0000020fc2e57800

Heap address: 0x000000008ac00000, size: 1876 MB, Compressed Oops mode: Non-zero based: 0x000000008ac00000
Narrow klass base: 0x0000000000000000, Narrow klass shift: 0

GC Heap History (0 events):
No events

Deoptimization events (0 events):
No events

Classes redefined (0 events):
No events

Internal exceptions (0 events):
No events

Events (1 events):
Event: 0.010 Loaded shared library C:\Program Files\Android\Android Studio\jre\bin\zip.dll


Dynamic libraries:
0x00007ff7542a0000 - 0x00007ff7542aa000 	C:\Program Files\Android\Android Studio\jre\bin\java.EXE
0x00007ffcd4e30000 - 0x00007ffcd5044000 	C:\WINDOWS\SYSTEM32\ntdll.dll
0x00007ffcd39f0000 - 0x00007ffcd3ab3000 	C:\WINDOWS\System32\KERNEL32.DLL
0x00007ffcd2500000 - 0x00007ffcd289d000 	C:\WINDOWS\System32\KERNELBASE.dll
0x00007ffccf620000 - 0x00007ffccf6b7000 	C:\WINDOWS\SYSTEM32\apphelp.dll
0x00007ffcd28a0000 - 0x00007ffcd29b1000 	C:\WINDOWS\System32\ucrtbase.dll
0x00007ffc88db0000 - 0x00007ffc88dc9000 	C:\Program Files\Android\Android Studio\jre\bin\jli.dll
0x00007ffcb80b0000 - 0x00007ffcb80c7000 	C:\Program Files\Android\Android Studio\jre\bin\VCRUNTIME140.dll
0x00007ffcd3c60000 - 0x00007ffcd3e0d000 	C:\WINDOWS\System32\USER32.dll
0x00007ffcb9540000 - 0x00007ffcb97ce000 	C:\WINDOWS\WinSxS\amd64_microsoft.windows.common-controls_6595b64144ccf1df_6.0.22621.608_none_a9444ca7c10bb01d\COMCTL32.dll
0x00007ffcd2460000 - 0x00007ffcd2486000 	C:\WINDOWS\System32\win32u.dll
0x00007ffcd4cb0000 - 0x00007ffcd4d57000 	C:\WINDOWS\System32\msvcrt.dll
0x00007ffcd4dc0000 - 0x00007ffcd4de9000 	C:\WINDOWS\System32\GDI32.dll
0x00007ffcd29c0000 - 0x00007ffcd2ad2000 	C:\WINDOWS\System32\gdi32full.dll
0x00007ffcd23c0000 - 0x00007ffcd245a000 	C:\WINDOWS\System32\msvcp_win.dll
0x00007ffcd3fb0000 - 0x00007ffcd3fe2000 	C:\WINDOWS\System32\IMM32.DLL
0x00007ffc88d10000 - 0x00007ffc88dad000 	C:\Program Files\Android\Android Studio\jre\bin\msvcp140.dll
0x00007ffc88020000 - 0x00007ffc88b22000 	C:\Program Files\Android\Android Studio\jre\bin\server\jvm.dll
0x00007ffcd3bb0000 - 0x00007ffcd3c5e000 	C:\WINDOWS\System32\ADVAPI32.dll
0x00007ffcd3570000 - 0x00007ffcd3614000 	C:\WINDOWS\System32\sechost.dll
0x00007ffcd3620000 - 0x00007ffcd3735000 	C:\WINDOWS\System32\RPCRT4.dll
0x00007ffcd3ac0000 - 0x00007ffcd3ac8000 	C:\WINDOWS\System32\PSAPI.DLL
0x00007ffc4cc80000 - 0x00007ffc4cc89000 	C:\WINDOWS\SYSTEM32\WSOCK32.dll
0x00007ffcc9940000 - 0x00007ffcc9974000 	C:\WINDOWS\SYSTEM32\WINMM.dll
0x00007ffcd2c20000 - 0x00007ffcd2c91000 	C:\WINDOWS\System32\WS2_32.dll
0x00007ffcc8c50000 - 0x00007ffcc8c5a000 	C:\WINDOWS\SYSTEM32\VERSION.dll
0x00007ffcd1310000 - 0x00007ffcd1328000 	C:\WINDOWS\SYSTEM32\kernel.appcore.dll
0x00007ffcb9a70000 - 0x00007ffcb9a81000 	C:\Program Files\Android\Android Studio\jre\bin\verify.dll
0x00007ffcbee80000 - 0x00007ffcbf0ae000 	C:\WINDOWS\SYSTEM32\DBGHELP.DLL
0x00007ffcd3020000 - 0x00007ffcd33aa000 	C:\WINDOWS\System32\combase.dll
0x00007ffcd3ad0000 - 0x00007ffcd3ba7000 	C:\WINDOWS\System32\OLEAUT32.dll
0x00007ffcb4de0000 - 0x00007ffcb4e12000 	C:\WINDOWS\SYSTEM32\dbgcore.DLL
0x00007ffcd2ba0000 - 0x00007ffcd2c1b000 	C:\WINDOWS\System32\bcryptPrimitives.dll
0x00007ffcb9a40000 - 0x00007ffcb9a69000 	C:\Program Files\Android\Android Studio\jre\bin\java.dll
0x00007ffcc9930000 - 0x00007ffcc993b000 	C:\Program Files\Android\Android Studio\jre\bin\jimage.dll
0x00007ffcb9a20000 - 0x00007ffcb9a38000 	C:\Program Files\Android\Android Studio\jre\bin\zip.dll

dbghelp: loaded successfully - version: 4.0.5 - missing functions: none
symbol engine: initialized successfully - sym options: 0x614 - pdb path: .;C:\Program Files\Android\Android Studio\jre\bin;C:\WINDOWS\SYSTEM32;C:\WINDOWS\WinSxS\amd64_microsoft.windows.common-controls_6595b64144ccf1df_6.0.22621.608_none_a9444ca7c10bb01d;C:\Program Files\Android\Android Studio\jre\bin\server

VM Arguments:
java_command: <unknown>
java_class_path (initial): <not set>
Launcher Type: SUN_STANDARD

[Global flags]
     intx CICompilerCount                          = 4                                         {product} {ergonomic}
     uint ConcGCThreads                            = 2                                         {product} {ergonomic}
     uint G1ConcRefinementThreads                  = 8                                         {product} {ergonomic}
   size_t G1HeapRegionSize                         = 1048576                                   {product} {ergonomic}
    uintx GCDrainStackTargetSize                   = 64                                        {product} {ergonomic}
   size_t InitialHeapSize                          = 123731968                                 {product} {ergonomic}
   size_t MarkStackSize                            = 4194304                                   {product} {ergonomic}
   size_t MaxHeapSize                              = 1967128576                                {product} {ergonomic}
   size_t MinHeapDeltaBytes                        = 1048576                                   {product} {ergonomic}
    uintx NonNMethodCodeHeapSize                   = 5836300                                {pd product} {ergonomic}
    uintx NonProfiledCodeHeapSize                  = 122910970                              {pd product} {ergonomic}
    uintx ProfiledCodeHeapSize                     = 122910970                              {pd product} {ergonomic}
    uintx ReservedCodeCacheSize                    = 251658240                              {pd product} {ergonomic}
     bool SegmentedCodeCache                       = true                                      {product} {ergonomic}
     bool UseCompressedClassPointers               = true                                 {lp64_product} {ergonomic}
     bool UseCompressedOops                        = true                                 {lp64_product} {ergonomic}
     bool UseG1GC                                  = true                                      {product} {ergonomic}
     bool UseLargePagesIndividualAllocation        = false                                  {pd product} {ergonomic}

Logging:
Log output configuration:
 #0: stdout all=warning uptime,level,tags
 #1: stderr all=off uptime,level,tags

Environment Variables:
JAVA_HOME=C:\Program Files\Java\jdk-19.0.1
PATH=C:\Program Files (x86)\Common Files\Oracle\Java\javapath;C:\Python311\Scripts\;C:\Python311\;C:\ProgramData\Oracle\Java\javapath;C:\WINDOWS\system32;C:\WINDOWS;C:\WINDOWS\System32\Wbem;C:\WINDOWS\System32\WindowsPowerShell\v1.0\;C:\WINDOWS\System32\OpenSSH\;C:\MinGW\bin;C:\Program Files\nodejs\;C:\ProgramData\chocolatey\bin;C:\Program Files\Git\cmd;C:\Users\hp\AppData\Local\Microsoft\WindowsApps;C:\flutter\bin;C:\Users\hp\AppData\Local\Programs\Microsoft VS Code\bin;C:\Users\hp\AppData\Roaming\npm;C:\Users\hp\AppData\Local\GitHubDesktop\bin;C:\flutter\bin\mingit\cmd
USERNAME=hp
OS=Windows_NT
PROCESSOR_IDENTIFIER=AMD64 Family 23 Model 104 Stepping 1, AuthenticAMD



---------------  S Y S T E M  ---------------

OS: Windows 11 , 64 bit Build 22621 (10.0.22621.1105)
OS uptime: 0 days 0:24 hours
Hyper-V role detected

CPU:total 8 (initial active 8) (8 cores per cpu, 2 threads per core) family 23 model 104 stepping 1 microcode 0x0, cmov, cx8, fxsr, mmx, sse, sse2, sse3, ssse3, sse4.1, sse4.2, popcnt, avx, avx2, aes, clmul, mmxext, 3dnowpref, lzcnt, sse4a, ht, tsc, tscinvbit, tscinv, bmi1, bmi2, adx, sha, fma

Memory: 4k page, system-wide physical 7502M (375M free)
TotalPageFile size 13313M (AvailPageFile size 77M)
current process WorkingSet (physical memory assigned to process): 11M, peak: 11M
current process commit charge ("private bytes"): 60M, peak: 178M

vm_info: OpenJDK 64-Bit Server VM (11.0.13+0-b1751.21-8125866) for windows-amd64 JRE (11.0.13+0-b1751.21-8125866), built on Feb  2 2022 03:00:22 by "builder" with MS VC++ 14.0 (VS2015)

END.
