#
# There is insufficient memory for the Java Runtime Environment to continue.
# Native memory allocation (mmap) failed to map 123731968 bytes for G1 virtual space
# Possible reasons:
#   The system is out of physical RAM or swap space
#   The process is running with CompressedOops enabled, and the Java Heap may be blocking the growth of the native heap
# Possible solutions:
#   Reduce memory load on the system
#   Increase physical memory or swap space
#   Check if swap backing store is full
#   Decrease Java heap size (-Xmx/-Xms)
#   Decrease number of Java threads
#   Decrease Java thread stack sizes (-Xss)
#   Set larger code cache with -XX:ReservedCodeCacheSize=
#   JVM is running with Unscaled Compressed Oops mode in which the Java heap is
#     placed in the first 4GB address space. The Java Heap base address is the
#     maximum limit for the native heap growth. Please use -XX:HeapBaseMinAddress
#     to set the Java Heap base and to place the Java Heap above 4GB virtual address.
# This output file may be truncated or incomplete.
#
#  Out of Memory Error (os_windows.cpp:3527), pid=16924, tid=4380
#
# JRE version:  (19.0.1+10) (build )
# Java VM: Java HotSpot(TM) 64-Bit Server VM (19.0.1+10-21, mixed mode, sharing, tiered, compressed oops, compressed class ptrs, g1 gc, windows-amd64)
# No core dump will be written. Minidumps are not enabled by default on client versions of Windows
#

---------------  S U M M A R Y ------------

Command Line: -Dorg.gradle.appname=gradlew org.gradle.wrapper.GradleWrapperMain -q -Ptarget-platform=android-arm64 -Ptarget=C:\Users\hp\AndroidStudioProjects\biscuit2\lib\main.dart -Pbase-application-name=android.app.Application -Pdart-defines=Zmx1dHRlci5pbnNwZWN0b3Iuc3RydWN0dXJlZEVycm9ycz10cnVl,RkxVVFRFUl9XRUJfQVVUT19ERVRFQ1Q9dHJ1ZQ== -Pdart-obfuscation=false -Ptrack-widget-creation=true -Ptree-shake-icons=false -Pfilesystem-scheme=org-dartlang-root assembleDebug

Host: AMD Ryzen 3 5300U with Radeon Graphics         , 8 cores, 7G,  Windows 11 , 64 bit Build 22621 (10.0.22621.1105)
Time: Thu Jan 19 20:38:48 2023 India Standard Time elapsed time: 0.024946 seconds (0d 0h 0m 0s)

---------------  T H R E A D  ---------------

Current thread (0x00000243a387eb40):  JavaThread "Unknown thread" [_thread_in_vm, id=4380, stack(0x000000d4c1700000,0x000000d4c1800000)]

Stack: [0x000000d4c1700000,0x000000d4c1800000]
Native frames: (J=compiled Java code, j=interpreted, Vv=VM code, C=native code)
V  [jvm.dll+0x6ee8fa]
V  [jvm.dll+0x857a1e]
V  [jvm.dll+0x85940e]
V  [jvm.dll+0x859ac3]
V  [jvm.dll+0x28291f]
V  [jvm.dll+0x6eb6e9]
V  [jvm.dll+0x6e028a]
V  [jvm.dll+0x357136]
V  [jvm.dll+0x35eb96]
V  [jvm.dll+0x3b555e]
V  [jvm.dll+0x3b578f]
V  [jvm.dll+0x32c6ea]
V  [jvm.dll+0x32d59e]
V  [jvm.dll+0x821b20]
V  [jvm.dll+0x3c27c1]
V  [jvm.dll+0x8022f1]
V  [jvm.dll+0x44b30f]
V  [jvm.dll+0x44cc91]
C  [jli.dll+0x5287]
C  [ucrtbase.dll+0x29363]
C  [KERNEL32.DLL+0x126bd]
C  [ntdll.dll+0x5dfb8]


---------------  P R O C E S S  ---------------

Threads class SMR info:
_java_thread_list=0x00007ffc339ed048, length=0, elements={
}

Java Threads: ( => current thread )

Other Threads:
  0x00000243a38d92d0 WorkerThread "GC Thread#0" [stack: 0x000000d4c1800000,0x000000d4c1900000] [id=3560]
  0x00000243a38e8c20 ConcurrentGCThread "G1 Main Marker" [stack: 0x000000d4c1900000,0x000000d4c1a00000] [id=18604]
  0x00000243a38ea4b0 WorkerThread "G1 Conc#0" [stack: 0x000000d4c1a00000,0x000000d4c1b00000] [id=4680]

[error occurred during error reporting (printing all threads), id 0xc0000005, EXCEPTION_ACCESS_VIOLATION (0xc0000005) at pc=0x00007ffc331ad127]

VM state: not at safepoint (not fully initialized)

VM Mutex/Monitor currently owned by a thread:  ([mutex/lock_event])
[0x00000243a187be30] Heap_lock - owner thread: 0x00000243a387eb40

Heap address: 0x000000008ac00000, size: 1876 MB, Compressed Oops mode: 32-bit

CDS archive(s) mapped at: [0x0000000000000000-0x0000000000000000-0x0000000000000000), size 0, SharedBaseAddress: 0x0000000800000000, ArchiveRelocationMode: 0.
Narrow klass base: 0x0000000000000000, Narrow klass shift: 0, Narrow klass range: 0x0

GC Precious Log:
 CardTable entry size: 512
 Card Set container configuration: InlinePtr #cards 5 size 8 Array Of Cards #cards 12 size 40 Howl #buckets 4 coarsen threshold 1843 Howl Bitmap #cards 512 size 80 coarsen threshold 460 Card regions per heap region 1 cards per card region 2048

Heap:
 garbage-first heap   total 0K, used 0K [0x000000008ac00000, 0x0000000100000000)
  region size 1024K, 0 young (0K), 0 survivors (0K)

[error occurred during error reporting (printing heap information), id 0xc0000005, EXCEPTION_ACCESS_VIOLATION (0xc0000005) at pc=0x00007ffc335b6959]

GC Heap History (0 events):
No events

Dll operation events (1 events):
Event: 0.017 Loaded shared library C:\Program Files\Java\jdk-19.0.1\bin\java.dll

Deoptimization events (0 events):
No events

Classes loaded (0 events):
No events

Classes unloaded (0 events):
No events

Classes redefined (0 events):
No events

Internal exceptions (0 events):
No events

VM Operations (0 events):
No events

Events (0 events):
No events


Dynamic libraries:
0x00007ff702090000 - 0x00007ff7020a0000 	C:\Program Files\Java\jdk-19.0.1\bin\java.exe
0x00007ffcd4e30000 - 0x00007ffcd5044000 	C:\WINDOWS\SYSTEM32\ntdll.dll
0x00007ffcd39f0000 - 0x00007ffcd3ab3000 	C:\WINDOWS\System32\KERNEL32.DLL
0x00007ffcd2500000 - 0x00007ffcd289d000 	C:\WINDOWS\System32\KERNELBASE.dll
0x00007ffccf620000 - 0x00007ffccf6b7000 	C:\WINDOWS\SYSTEM32\apphelp.dll
0x00007ffcd28a0000 - 0x00007ffcd29b1000 	C:\WINDOWS\System32\ucrtbase.dll
0x00007ffc90200000 - 0x00007ffc90218000 	C:\Program Files\Java\jdk-19.0.1\bin\jli.dll
0x00007ffc901e0000 - 0x00007ffc901fb000 	C:\Program Files\Java\jdk-19.0.1\bin\VCRUNTIME140.dll
0x00007ffcd3bb0000 - 0x00007ffcd3c5e000 	C:\WINDOWS\System32\ADVAPI32.dll
0x00007ffcd4cb0000 - 0x00007ffcd4d57000 	C:\WINDOWS\System32\msvcrt.dll
0x00007ffcd3570000 - 0x00007ffcd3614000 	C:\WINDOWS\System32\sechost.dll
0x00007ffcd3620000 - 0x00007ffcd3735000 	C:\WINDOWS\System32\RPCRT4.dll
0x00007ffcd3c60000 - 0x00007ffcd3e0d000 	C:\WINDOWS\System32\USER32.dll
0x00007ffcb9540000 - 0x00007ffcb97ce000 	C:\WINDOWS\WinSxS\amd64_microsoft.windows.common-controls_6595b64144ccf1df_6.0.22621.608_none_a9444ca7c10bb01d\COMCTL32.dll
0x00007ffcd2460000 - 0x00007ffcd2486000 	C:\WINDOWS\System32\win32u.dll
0x00007ffcd4dc0000 - 0x00007ffcd4de9000 	C:\WINDOWS\System32\GDI32.dll
0x00007ffcd29c0000 - 0x00007ffcd2ad2000 	C:\WINDOWS\System32\gdi32full.dll
0x00007ffcd23c0000 - 0x00007ffcd245a000 	C:\WINDOWS\System32\msvcp_win.dll
0x00007ffcc8c50000 - 0x00007ffcc8c5a000 	C:\WINDOWS\SYSTEM32\VERSION.dll
0x00007ffcd3fb0000 - 0x00007ffcd3fe2000 	C:\WINDOWS\System32\IMM32.DLL
0x00007ffc99990000 - 0x00007ffc9999c000 	C:\Program Files\Java\jdk-19.0.1\bin\vcruntime140_1.dll
0x00007ffc8f1c0000 - 0x00007ffc8f24e000 	C:\Program Files\Java\jdk-19.0.1\bin\msvcp140.dll
0x00007ffc32e70000 - 0x00007ffc33b30000 	C:\Program Files\Java\jdk-19.0.1\bin\server\jvm.dll
0x00007ffc4cc80000 - 0x00007ffc4cc89000 	C:\WINDOWS\SYSTEM32\WSOCK32.dll
0x00007ffcc9940000 - 0x00007ffcc9974000 	C:\WINDOWS\SYSTEM32\WINMM.dll
0x00007ffcd2c20000 - 0x00007ffcd2c91000 	C:\WINDOWS\System32\WS2_32.dll
0x00007ffcd1310000 - 0x00007ffcd1328000 	C:\WINDOWS\SYSTEM32\kernel.appcore.dll
0x00007ffc98680000 - 0x00007ffc9868a000 	C:\Program Files\Java\jdk-19.0.1\bin\jimage.dll
0x00007ffcbee80000 - 0x00007ffcbf0ae000 	C:\WINDOWS\SYSTEM32\DBGHELP.DLL
0x00007ffcd3020000 - 0x00007ffcd33aa000 	C:\WINDOWS\System32\combase.dll
0x00007ffcd3ad0000 - 0x00007ffcd3ba7000 	C:\WINDOWS\System32\OLEAUT32.dll
0x00007ffcb4de0000 - 0x00007ffcb4e12000 	C:\WINDOWS\SYSTEM32\dbgcore.DLL
0x00007ffcd2ba0000 - 0x00007ffcd2c1b000 	C:\WINDOWS\System32\bcryptPrimitives.dll
0x00007ffc901b0000 - 0x00007ffc901d6000 	C:\Program Files\Java\jdk-19.0.1\bin\java.dll

dbghelp: loaded successfully - version: 4.0.5 - missing functions: none
symbol engine: initialized successfully - sym options: 0x614 - pdb path: .;C:\Program Files\Java\jdk-19.0.1\bin;C:\WINDOWS\SYSTEM32;C:\WINDOWS\WinSxS\amd64_microsoft.windows.common-controls_6595b64144ccf1df_6.0.22621.608_none_a9444ca7c10bb01d;C:\Program Files\Java\jdk-19.0.1\bin\server

VM Arguments:
jvm_args: -Dorg.gradle.appname=gradlew 
java_command: org.gradle.wrapper.GradleWrapperMain -q -Ptarget-platform=android-arm64 -Ptarget=C:\Users\hp\AndroidStudioProjects\biscuit2\lib\main.dart -Pbase-application-name=android.app.Application -Pdart-defines=Zmx1dHRlci5pbnNwZWN0b3Iuc3RydWN0dXJlZEVycm9ycz10cnVl,RkxVVFRFUl9XRUJfQVVUT19ERVRFQ1Q9dHJ1ZQ== -Pdart-obfuscation=false -Ptrack-widget-creation=true -Ptree-shake-icons=false -Pfilesystem-scheme=org-dartlang-root assembleDebug
java_class_path (initial): C:\Users\hp\AndroidStudioProjects\biscuit2\android\\gradle\wrapper\gradle-wrapper.jar
Launcher Type: SUN_STANDARD

[Global flags]
     intx CICompilerCount                          = 4                                         {product} {ergonomic}
     uint ConcGCThreads                            = 2                                         {product} {ergonomic}
     uint G1ConcRefinementThreads                  = 8                                         {product} {ergonomic}
   size_t G1HeapRegionSize                         = 1048576                                   {product} {ergonomic}
    uintx GCDrainStackTargetSize                   = 64                                        {product} {ergonomic}
   size_t InitialHeapSize                          = 123731968                                 {product} {ergonomic}
   size_t MarkStackSize                            = 4194304                                   {product} {ergonomic}
   size_t MaxHeapSize                              = 1967128576                                {product} {ergonomic}
   size_t MinHeapDeltaBytes                        = 1048576                                   {product} {ergonomic}
   size_t MinHeapSize                              = 8388608                                   {product} {ergonomic}
    uintx NonNMethodCodeHeapSize                   = 5839372                                {pd product} {ergonomic}
    uintx NonProfiledCodeHeapSize                  = 122909434                              {pd product} {ergonomic}
    uintx ProfiledCodeHeapSize                     = 122909434                              {pd product} {ergonomic}
    uintx ReservedCodeCacheSize                    = 251658240                              {pd product} {ergonomic}
     bool SegmentedCodeCache                       = true                                      {product} {ergonomic}
   size_t SoftMaxHeapSize                          = 1967128576                             {manageable} {ergonomic}
     bool UseCompressedClassPointers               = true                           {product lp64_product} {ergonomic}
     bool UseCompressedOops                        = true                           {product lp64_product} {ergonomic}
     bool UseG1GC                                  = true                                      {product} {ergonomic}
     bool UseLargePagesIndividualAllocation        = false                                  {pd product} {ergonomic}

Logging:
Log output configuration:
 #0: stdout all=warning uptime,level,tags foldmultilines=false
 #1: stderr all=off uptime,level,tags foldmultilines=false

Environment Variables:
JAVA_HOME=C:\Program Files\Java\jdk-19.0.1
CLASSPATH=C:\Users\hp\AndroidStudioProjects\biscuit2\android\\gradle\wrapper\gradle-wrapper.jar
PATH=C:\Program Files (x86)\Common Files\Oracle\Java\javapath;C:\Python311\Scripts\;C:\Python311\;C:\ProgramData\Oracle\Java\javapath;C:\WINDOWS\system32;C:\WINDOWS;C:\WINDOWS\System32\Wbem;C:\WINDOWS\System32\WindowsPowerShell\v1.0\;C:\WINDOWS\System32\OpenSSH\;C:\MinGW\bin;C:\Program Files\nodejs\;C:\ProgramData\chocolatey\bin;C:\Program Files\Git\cmd;C:\Users\hp\AppData\Local\Microsoft\WindowsApps;C:\flutter\bin;C:\Users\hp\AppData\Local\Programs\Microsoft VS Code\bin;C:\Users\hp\AppData\Roaming\npm;C:\Users\hp\AppData\Local\GitHubDesktop\bin;C:\flutter\bin\mingit\cmd
USERNAME=hp
OS=Windows_NT
PROCESSOR_IDENTIFIER=AMD64 Family 23 Model 104 Stepping 1, AuthenticAMD
TMP=C:\Users\hp\AppData\Local\Temp
TEMP=C:\Users\hp\AppData\Local\Temp



---------------  S Y S T E M  ---------------

OS:
 Windows 11 , 64 bit Build 22621 (10.0.22621.1105)
OS uptime: 0 days 0:24 hours
Hyper-V role detected

CPU: total 8 (initial active 8) (8 cores per cpu, 2 threads per core) family 23 model 104 stepping 1 microcode 0x0, cx8, cmov, fxsr, ht, mmx, 3dnowpref, sse, sse2, sse3, ssse3, sse4a, sse4.1, sse4.2, popcnt, lzcnt, tsc, tscinvbit, avx, avx2, aes, clmul, bmi1, bmi2, adx, sha, fma, vzeroupper, clflush, clflushopt, hv, rdtscp, rdpid

Memory: 4k page, system-wide physical 7502M (358M free)
TotalPageFile size 13313M (AvailPageFile size 57M)
current process WorkingSet (physical memory assigned to process): 12M, peak: 12M
current process commit charge ("private bytes"): 60M, peak: 178M

vm_info: Java HotSpot(TM) 64-Bit Server VM (19.0.1+10-21) for windows-amd64 JRE (19.0.1+10-21), built on 2022-09-14T12:45:06Z by "mach5one" with MS VC++ 17.1 (VS2022)

END.
