#
# There is insufficient memory for the Java Runtime Environment to continue.
# Native memory allocation (mmap) failed to map 123731968 bytes for G1 virtual space
# Possible reasons:
#   The system is out of physical RAM or swap space
#   The process is running with CompressedOops enabled, and the Java Heap may be blocking the growth of the native heap
# Possible solutions:
#   Reduce memory load on the system
#   Increase physical memory or swap space
#   Check if swap backing store is full
#   Decrease Java heap size (-Xmx/-Xms)
#   Decrease number of Java threads
#   Decrease Java thread stack sizes (-Xss)
#   Set larger code cache with -XX:ReservedCodeCacheSize=
#   JVM is running with Unscaled Compressed Oops mode in which the Java heap is
#     placed in the first 4GB address space. The Java Heap base address is the
#     maximum limit for the native heap growth. Please use -XX:HeapBaseMinAddress
#     to set the Java Heap base and to place the Java Heap above 4GB virtual address.
# This output file may be truncated or incomplete.
#
#  Out of Memory Error (os_windows.cpp:3527), pid=15588, tid=7364
#
# JRE version:  (19.0.1+10) (build )
# Java VM: Java HotSpot(TM) 64-Bit Server VM (19.0.1+10-21, mixed mode, sharing, tiered, compressed oops, compressed class ptrs, g1 gc, windows-amd64)
# No core dump will be written. Minidumps are not enabled by default on client versions of Windows
#

---------------  S U M M A R Y ------------

Command Line: -Dorg.gradle.appname=gradlew org.gradle.wrapper.GradleWrapperMain -q -Ptarget-platform=android-arm64 -Ptarget=C:\Users\hp\AndroidStudioProjects\biscuit2\lib\main.dart -Pbase-application-name=android.app.Application -Pdart-defines=RkxVVFRFUl9XRUJfQVVUT19ERVRFQ1Q9dHJ1ZQ== -Pdart-obfuscation=false -Ptrack-widget-creation=true -Ptree-shake-icons=false -Pfilesystem-scheme=org-dartlang-root assembleDebug

Host: AMD Ryzen 3 5300U with Radeon Graphics         , 8 cores, 7G,  Windows 11 , 64 bit Build 22621 (10.0.22621.1105)
Time: Thu Jan 19 20:12:41 2023 India Standard Time elapsed time: 0.024954 seconds (0d 0h 0m 0s)

---------------  T H R E A D  ---------------

Current thread (0x0000023eece0b980):  JavaThread "Unknown thread" [_thread_in_vm, id=7364, stack(0x00000068fc800000,0x00000068fc900000)]

Stack: [0x00000068fc800000,0x00000068fc900000]
Native frames: (J=compiled Java code, j=interpreted, Vv=VM code, C=native code)
V  [jvm.dll+0x6ee8fa]
V  [jvm.dll+0x857a1e]
V  [jvm.dll+0x85940e]
V  [jvm.dll+0x859ac3]
V  [jvm.dll+0x28291f]
V  [jvm.dll+0x6eb6e9]
V  [jvm.dll+0x6e028a]
V  [jvm.dll+0x357136]
V  [jvm.dll+0x35eb96]
V  [jvm.dll+0x3b555e]
V  [jvm.dll+0x3b578f]
V  [jvm.dll+0x32c6ea]
V  [jvm.dll+0x32d59e]
V  [jvm.dll+0x821b20]
V  [jvm.dll+0x3c27c1]
V  [jvm.dll+0x8022f1]
V  [jvm.dll+0x44b30f]
V  [jvm.dll+0x44cc91]
C  [jli.dll+0x5287]
C  [ucrtbase.dll+0x29363]
C  [KERNEL32.DLL+0x126bd]
C  [ntdll.dll+0x5dfb8]


---------------  P R O C E S S  ---------------

Threads class SMR info:
_java_thread_list=0x00007ffc1f61d048, length=0, elements={
}

Java Threads: ( => current thread )

Other Threads:
  0x0000023eece6b0c0 WorkerThread "GC Thread#0" [stack: 0x00000068fc900000,0x00000068fca00000] [id=8616]
  0x0000023eece7aca0 ConcurrentGCThread "G1 Main Marker" [stack: 0x00000068fca00000,0x00000068fcb00000] [id=3548]
  0x0000023eece7b5d0 WorkerThread "G1 Conc#0" [stack: 0x00000068fcb00000,0x00000068fcc00000] [id=5512]

[error occurred during error reporting (printing all threads), id 0xc0000005, EXCEPTION_ACCESS_VIOLATION (0xc0000005) at pc=0x00007ffc1eddd127]

VM state: not at safepoint (not fully initialized)

VM Mutex/Monitor currently owned by a thread:  ([mutex/lock_event])
[0x0000023eece08ee0] Heap_lock - owner thread: 0x0000023eece0b980

Heap address: 0x000000008ac00000, size: 1876 MB, Compressed Oops mode: 32-bit

CDS archive(s) mapped at: [0x0000000000000000-0x0000000000000000-0x0000000000000000), size 0, SharedBaseAddress: 0x0000000800000000, ArchiveRelocationMode: 0.
Narrow klass base: 0x0000000000000000, Narrow klass shift: 0, Narrow klass range: 0x0

GC Precious Log:
 CardTable entry size: 512
 Card Set container configuration: InlinePtr #cards 5 size 8 Array Of Cards #cards 12 size 40 Howl #buckets 4 coarsen threshold 1843 Howl Bitmap #cards 512 size 80 coarsen threshold 460 Card regions per heap region 1 cards per card region 2048

Heap:
 garbage-first heap   total 0K, used 0K [0x000000008ac00000, 0x0000000100000000)
  region size 1024K, 0 young (0K), 0 survivors (0K)

[error occurred during error reporting (printing heap information), id 0xc0000005, EXCEPTION_ACCESS_VIOLATION (0xc0000005) at pc=0x00007ffc1f1e6959]

GC Heap History (0 events):
No events

Dll operation events (1 events):
Event: 0.013 Loaded shared library C:\Program Files\Java\jdk-19.0.1\bin\java.dll

Deoptimization events (0 events):
No events

Classes loaded (0 events):
No events

Classes unloaded (0 events):
No events

Classes redefined (0 events):
No events

Internal exceptions (0 events):
No events

VM Operations (0 events):
No events

Events (0 events):
No events


Dynamic libraries:
0x00007ff712510000 - 0x00007ff712520000 	C:\Program Files\Java\jdk-19.0.1\bin\java.exe
0x00007ffcc6030000 - 0x00007ffcc6244000 	C:\WINDOWS\SYSTEM32\ntdll.dll
0x00007ffcc5910000 - 0x00007ffcc59d3000 	C:\WINDOWS\System32\KERNEL32.DLL
0x00007ffcc34d0000 - 0x00007ffcc386d000 	C:\WINDOWS\System32\KERNELBASE.dll
0x00007ffcc3a40000 - 0x00007ffcc3b51000 	C:\WINDOWS\System32\ucrtbase.dll
0x00007ffc1fe70000 - 0x00007ffc1fe88000 	C:\Program Files\Java\jdk-19.0.1\bin\jli.dll
0x00007ffcc5700000 - 0x00007ffcc57ae000 	C:\WINDOWS\System32\ADVAPI32.dll
0x00007ffcc5f40000 - 0x00007ffcc5fe7000 	C:\WINDOWS\System32\msvcrt.dll
0x00007ffcc52e0000 - 0x00007ffcc5384000 	C:\WINDOWS\System32\sechost.dll
0x00007ffcc51b0000 - 0x00007ffcc52c5000 	C:\WINDOWS\System32\RPCRT4.dll
0x00007ffc1fe90000 - 0x00007ffc1feab000 	C:\Program Files\Java\jdk-19.0.1\bin\VCRUNTIME140.dll
0x00007ffcc5390000 - 0x00007ffcc553d000 	C:\WINDOWS\System32\USER32.dll
0x00007ffcc3b60000 - 0x00007ffcc3b86000 	C:\WINDOWS\System32\win32u.dll
0x00007ffcc4d60000 - 0x00007ffcc4d89000 	C:\WINDOWS\System32\GDI32.dll
0x00007ffcc3b90000 - 0x00007ffcc3ca2000 	C:\WINDOWS\System32\gdi32full.dll
0x00007ffca5ab0000 - 0x00007ffca5d3e000 	C:\WINDOWS\WinSxS\amd64_microsoft.windows.common-controls_6595b64144ccf1df_6.0.22621.608_none_a9444ca7c10bb01d\COMCTL32.dll
0x00007ffcc38e0000 - 0x00007ffcc397a000 	C:\WINDOWS\System32\msvcp_win.dll
0x00007ffcb9fe0000 - 0x00007ffcb9fea000 	C:\WINDOWS\SYSTEM32\VERSION.dll
0x00007ffcc4970000 - 0x00007ffcc49a2000 	C:\WINDOWS\System32\IMM32.DLL
0x00007ffc1fe60000 - 0x00007ffc1fe6c000 	C:\Program Files\Java\jdk-19.0.1\bin\vcruntime140_1.dll
0x00007ffc1fdd0000 - 0x00007ffc1fe5e000 	C:\Program Files\Java\jdk-19.0.1\bin\msvcp140.dll
0x00007ffc1eaa0000 - 0x00007ffc1f760000 	C:\Program Files\Java\jdk-19.0.1\bin\server\jvm.dll
0x00007ffc1fdc0000 - 0x00007ffc1fdc9000 	C:\WINDOWS\SYSTEM32\WSOCK32.dll
0x00007ffcba620000 - 0x00007ffcba654000 	C:\WINDOWS\SYSTEM32\WINMM.dll
0x00007ffcc4d90000 - 0x00007ffcc4e01000 	C:\WINDOWS\System32\WS2_32.dll
0x00007ffcc24a0000 - 0x00007ffcc24b8000 	C:\WINDOWS\SYSTEM32\kernel.appcore.dll
0x00007ffc1fdb0000 - 0x00007ffc1fdba000 	C:\Program Files\Java\jdk-19.0.1\bin\jimage.dll
0x00007ffcb07c0000 - 0x00007ffcb09ee000 	C:\WINDOWS\SYSTEM32\DBGHELP.DLL
0x00007ffcc49d0000 - 0x00007ffcc4d5a000 	C:\WINDOWS\System32\combase.dll
0x00007ffcc4e80000 - 0x00007ffcc4f57000 	C:\WINDOWS\System32\OLEAUT32.dll
0x00007ffca1950000 - 0x00007ffca1982000 	C:\WINDOWS\SYSTEM32\dbgcore.DLL
0x00007ffcc3450000 - 0x00007ffcc34cb000 	C:\WINDOWS\System32\bcryptPrimitives.dll
0x00007ffc1fd80000 - 0x00007ffc1fda6000 	C:\Program Files\Java\jdk-19.0.1\bin\java.dll

dbghelp: loaded successfully - version: 4.0.5 - missing functions: none
symbol engine: initialized successfully - sym options: 0x614 - pdb path: .;C:\Program Files\Java\jdk-19.0.1\bin;C:\WINDOWS\SYSTEM32;C:\WINDOWS\WinSxS\amd64_microsoft.windows.common-controls_6595b64144ccf1df_6.0.22621.608_none_a9444ca7c10bb01d;C:\Program Files\Java\jdk-19.0.1\bin\server

VM Arguments:
jvm_args: -Dorg.gradle.appname=gradlew 
java_command: org.gradle.wrapper.GradleWrapperMain -q -Ptarget-platform=android-arm64 -Ptarget=C:\Users\hp\AndroidStudioProjects\biscuit2\lib\main.dart -Pbase-application-name=android.app.Application -Pdart-defines=RkxVVFRFUl9XRUJfQVVUT19ERVRFQ1Q9dHJ1ZQ== -Pdart-obfuscation=false -Ptrack-widget-creation=true -Ptree-shake-icons=false -Pfilesystem-scheme=org-dartlang-root assembleDebug
java_class_path (initial): C:\Users\hp\AndroidStudioProjects\biscuit2\android\\gradle\wrapper\gradle-wrapper.jar
Launcher Type: SUN_STANDARD

[Global flags]
     intx CICompilerCount                          = 4                                         {product} {ergonomic}
     uint ConcGCThreads                            = 2                                         {product} {ergonomic}
     uint G1ConcRefinementThreads                  = 8                                         {product} {ergonomic}
   size_t G1HeapRegionSize                         = 1048576                                   {product} {ergonomic}
    uintx GCDrainStackTargetSize                   = 64                                        {product} {ergonomic}
   size_t InitialHeapSize                          = 123731968                                 {product} {ergonomic}
   size_t MarkStackSize                            = 4194304                                   {product} {ergonomic}
   size_t MaxHeapSize                              = 1967128576                                {product} {ergonomic}
   size_t MinHeapDeltaBytes                        = 1048576                                   {product} {ergonomic}
   size_t MinHeapSize                              = 8388608                                   {product} {ergonomic}
    uintx NonNMethodCodeHeapSize                   = 5839372                                {pd product} {ergonomic}
    uintx NonProfiledCodeHeapSize                  = 122909434                              {pd product} {ergonomic}
    uintx ProfiledCodeHeapSize                     = 122909434                              {pd product} {ergonomic}
    uintx ReservedCodeCacheSize                    = 251658240                              {pd product} {ergonomic}
     bool SegmentedCodeCache                       = true                                      {product} {ergonomic}
   size_t SoftMaxHeapSize                          = 1967128576                             {manageable} {ergonomic}
     bool UseCompressedClassPointers               = true                           {product lp64_product} {ergonomic}
     bool UseCompressedOops                        = true                           {product lp64_product} {ergonomic}
     bool UseG1GC                                  = true                                      {product} {ergonomic}
     bool UseLargePagesIndividualAllocation        = false                                  {pd product} {ergonomic}

Logging:
Log output configuration:
 #0: stdout all=warning uptime,level,tags foldmultilines=false
 #1: stderr all=off uptime,level,tags foldmultilines=false

Environment Variables:
JAVA_HOME=C:\Program Files\Java\jdk-19.0.1
CLASSPATH=C:\Users\hp\AndroidStudioProjects\biscuit2\android\\gradle\wrapper\gradle-wrapper.jar
PATH=C:\Program Files (x86)\Common Files\Oracle\Java\javapath;C:\Python311\Scripts\;C:\Python311\;C:\ProgramData\Oracle\Java\javapath;C:\WINDOWS\system32;C:\WINDOWS;C:\WINDOWS\System32\Wbem;C:\WINDOWS\System32\WindowsPowerShell\v1.0\;C:\WINDOWS\System32\OpenSSH\;C:\MinGW\bin;C:\Program Files\nodejs\;C:\ProgramData\chocolatey\bin;C:\Program Files\Git\cmd;C:\Users\hp\AppData\Local\Microsoft\WindowsApps;C:\flutter\bin;C:\Users\hp\AppData\Local\Programs\Microsoft VS Code\bin;C:\Users\hp\AppData\Roaming\npm;C:\Users\hp\AppData\Local\GitHubDesktop\bin;C:\flutter\bin\mingit\cmd
USERNAME=hp
OS=Windows_NT
PROCESSOR_IDENTIFIER=AMD64 Family 23 Model 104 Stepping 1, AuthenticAMD
TMP=C:\Users\hp\AppData\Local\Temp
TEMP=C:\Users\hp\AppData\Local\Temp



---------------  S Y S T E M  ---------------

OS:
 Windows 11 , 64 bit Build 22621 (10.0.22621.1105)
OS uptime: 0 days 0:19 hours
Hyper-V role detected

CPU: total 8 (initial active 8) (8 cores per cpu, 2 threads per core) family 23 model 104 stepping 1 microcode 0x0, cx8, cmov, fxsr, ht, mmx, 3dnowpref, sse, sse2, sse3, ssse3, sse4a, sse4.1, sse4.2, popcnt, lzcnt, tsc, tscinvbit, avx, avx2, aes, clmul, bmi1, bmi2, adx, sha, fma, vzeroupper, clflush, clflushopt, hv, rdtscp, rdpid

Memory: 4k page, system-wide physical 7502M (460M free)
TotalPageFile size 11379M (AvailPageFile size 70M)
current process WorkingSet (physical memory assigned to process): 11M, peak: 11M
current process commit charge ("private bytes"): 60M, peak: 178M

vm_info: Java HotSpot(TM) 64-Bit Server VM (19.0.1+10-21) for windows-amd64 JRE (19.0.1+10-21), built on 2022-09-14T12:45:06Z by "mach5one" with MS VC++ 17.1 (VS2022)

END.
